<?xml version="1.0" encoding="UTF-8"?>
<testsuite xmlns:xsi="http://www.w3.org/2001/XMLSchema-instance" xsi:noNamespaceSchemaLocation="https://maven.apache.org/surefire/maven-surefire-plugin/xsd/surefire-test-report-3.0.xsd" version="3.0" name="jom.com.softserve.s6.task7.Task7Test" time="0.063" tests="12" errors="0" skipped="0" failures="0">
  <properties>
[...]
</properties>
  <testcase name="isTypePresent(String)[1]" classname="jom.com.softserve.s6.task7.Task7Test" time="0.025"/>
  <testcase name="checkOneNumber" classname="jom.com.softserve.s6.task7.Task7Test" time="0.003"/>
  <testcase name="checkOneDuplicate" classname="jom.com.softserve.s6.task7.Task7Test" time="0.001"/>
  <testcase name="checkContainsNull" classname="jom.com.softserve.s6.task7.Task7Test" time="0"/>
  <testcase name="checkEmptyStream" classname="jom.com.softserve.s6.task7.Task7Test" time="0"/>
  <testcase name="isMethodPresent" classname="jom.com.softserve.s6.task7.Task7Test" time="0"/>
  <testcase name="checkUniqueNumbers" classname="jom.com.softserve.s6.task7.Task7Test" time="0.003"/>
  <testcase name="checkZeroNumbers" classname="jom.com.softserve.s6.task7.Task7Test" time="0.001"/>
  <testcase name="checkThreeDuplicate" classname="jom.com.softserve.s6.task7.Task7Test" time="0"/>
  <testcase name="checkSequenceDuplicate" classname="jom.com.softserve.s6.task7.Task7Test" time="0.001"/>
  <testcase name="checkNegativeNumbers" classname="jom.com.softserve.s6.task7.Task7Test" time="0"/>
  <testcase name="checkMoreDuplicate" classname="jom.com.softserve.s6.task7.Task7Test" time="0"/>
</testsuite>