<?xml version="1.0" encoding="UTF-8"?>
<testsuite xmlns:xsi="http://www.w3.org/2001/XMLSchema-instance" xsi:noNamespaceSchemaLocation="https://maven.apache.org/surefire/maven-surefire-plugin/xsd/surefire-test-report.xsd" name="com.softserve.edu.sprint4.task2.Task2Test" time="0.042" tests="10" errors="0" skipped="0" failures="0">
  <properties>
[...]
</properties>
  <testcase name="checkDuplicateId" classname="com.softserve.edu.sprint4.task2.Task2Test" time="0.026"/>
  <testcase name="checkNullString" classname="com.softserve.edu.sprint4.task2.Task2Test" time="0"/>
  <testcase name="checkDuplicateNames" classname="com.softserve.edu.sprint4.task2.Task2Test" time="0.001"/>
  <testcase name="checkExistCommon" classname="com.softserve.edu.sprint4.task2.Task2Test" time="0"/>
  <testcase name="checkEmptyLists" classname="com.softserve.edu.sprint4.task2.Task2Test" time="0"/>
  <testcase name="isMethodPublic" classname="com.softserve.edu.sprint4.task2.Task2Test" time="0.001"/>
  <testcase name="isTypePublic" classname="com.softserve.edu.sprint4.task2.Task2Test" time="0.005"/>
  <testcase name="checkUnique" classname="com.softserve.edu.sprint4.task2.Task2Test" time="0"/>
  <testcase name="checkEmptySecondList" classname="com.softserve.edu.sprint4.task2.Task2Test" time="0"/>
  <testcase name="checkEqualLists" classname="com.softserve.edu.sprint4.task2.Task2Test" time="0"/>
</testsuite>