<?xml version="1.0" encoding="UTF-8"?>
<testsuite xmlns:xsi="http://www.w3.org/2001/XMLSchema-instance" xsi:noNamespaceSchemaLocation="https://maven.apache.org/surefire/maven-surefire-plugin/xsd/surefire-test-report.xsd" name="com.softserve.edu.sprint4.task7.Task7Test" time="0.053" tests="4" errors="0" skipped="0" failures="0">
  <properties>
[...]
</properties>
  <testcase name="isRetentionRuntime" classname="com.softserve.edu.sprint4.task7.Task7Test" time="0.035"/>
  <testcase name="isTargetMethod" classname="com.softserve.edu.sprint4.task7.Task7Test" time="0"/>
  <testcase name="isConstantPatternPresent" classname="com.softserve.edu.sprint4.task7.Task7Test" time="0.001"/>
  <testcase name="isPublicInterface" classname="com.softserve.edu.sprint4.task7.Task7Test" time="0.005"/>
</testsuite>